ARM GAS  /tmp/ccT96zsI.s 			page 1


   1              		.syntax unified
   2              		.cpu cortex-m4
   3              		.eabi_attribute 27, 1
   4              		.eabi_attribute 28, 1
   5              		.fpu fpv4-sp-d16
   6              		.eabi_attribute 20, 1
   7              		.eabi_attribute 21, 1
   8              		.eabi_attribute 23, 3
   9              		.eabi_attribute 24, 1
  10              		.eabi_attribute 25, 1
  11              		.eabi_attribute 26, 1
  12              		.eabi_attribute 30, 1
  13              		.eabi_attribute 34, 1
  14              		.eabi_attribute 18, 4
  15              		.thumb
  16              		.syntax unified
  17              		.file	"stm32f4xx_hal_msp.c"
  18              		.text
  19              	.Ltext0:
  20              		.cfi_sections	.debug_frame
  21              		.section	.text.HAL_MspInit,"ax",%progbits
  22              		.align	2
  23              		.global	HAL_MspInit
  24              		.thumb
  25              		.thumb_func
  27              	HAL_MspInit:
  28              	.LFB124:
  29              		.file 1 "Src/stm32f4xx_hal_msp.c"
   1:Src/stm32f4xx_hal_msp.c **** /**
   2:Src/stm32f4xx_hal_msp.c ****   ******************************************************************************
   3:Src/stm32f4xx_hal_msp.c ****   * File Name          : stm32f4xx_hal_msp.c
   4:Src/stm32f4xx_hal_msp.c ****   * Description        : This file provides code for the MSP Initialization 
   5:Src/stm32f4xx_hal_msp.c ****   *                      and de-Initialization codes.
   6:Src/stm32f4xx_hal_msp.c ****   ******************************************************************************
   7:Src/stm32f4xx_hal_msp.c ****   ** This notice applies to any and all portions of this file
   8:Src/stm32f4xx_hal_msp.c ****   * that are not between comment pairs USER CODE BEGIN and
   9:Src/stm32f4xx_hal_msp.c ****   * USER CODE END. Other portions of this file, whether 
  10:Src/stm32f4xx_hal_msp.c ****   * inserted by the user or by software development tools
  11:Src/stm32f4xx_hal_msp.c ****   * are owned by their respective copyright owners.
  12:Src/stm32f4xx_hal_msp.c ****   *
  13:Src/stm32f4xx_hal_msp.c ****   * COPYRIGHT(c) 2017 STMicroelectronics
  14:Src/stm32f4xx_hal_msp.c ****   *
  15:Src/stm32f4xx_hal_msp.c ****   * Redistribution and use in source and binary forms, with or without modification,
  16:Src/stm32f4xx_hal_msp.c ****   * are permitted provided that the following conditions are met:
  17:Src/stm32f4xx_hal_msp.c ****   *   1. Redistributions of source code must retain the above copyright notice,
  18:Src/stm32f4xx_hal_msp.c ****   *      this list of conditions and the following disclaimer.
  19:Src/stm32f4xx_hal_msp.c ****   *   2. Redistributions in binary form must reproduce the above copyright notice,
  20:Src/stm32f4xx_hal_msp.c ****   *      this list of conditions and the following disclaimer in the documentation
  21:Src/stm32f4xx_hal_msp.c ****   *      and/or other materials provided with the distribution.
  22:Src/stm32f4xx_hal_msp.c ****   *   3. Neither the name of STMicroelectronics nor the names of its contributors
  23:Src/stm32f4xx_hal_msp.c ****   *      may be used to endorse or promote products derived from this software
  24:Src/stm32f4xx_hal_msp.c ****   *      without specific prior written permission.
  25:Src/stm32f4xx_hal_msp.c ****   *
  26:Src/stm32f4xx_hal_msp.c ****   * THIS SOFTWARE IS PROVIDED BY THE COPYRIGHT HOLDERS AND CONTRIBUTORS "AS IS"
  27:Src/stm32f4xx_hal_msp.c ****   * AND ANY EXPRESS OR IMPLIED WARRANTIES, INCLUDING, BUT NOT LIMITED TO, THE
  28:Src/stm32f4xx_hal_msp.c ****   * IMPLIED WARRANTIES OF MERCHANTABILITY AND FITNESS FOR A PARTICULAR PURPOSE ARE
  29:Src/stm32f4xx_hal_msp.c ****   * DISCLAIMED. IN NO EVENT SHALL THE COPYRIGHT HOLDER OR CONTRIBUTORS BE LIABLE
ARM GAS  /tmp/ccT96zsI.s 			page 2


  30:Src/stm32f4xx_hal_msp.c ****   * FOR ANY DIRECT, INDIRECT, INCIDENTAL, SPECIAL, EXEMPLARY, OR CONSEQUENTIAL
  31:Src/stm32f4xx_hal_msp.c ****   * DAMAGES (INCLUDING, BUT NOT LIMITED TO, PROCUREMENT OF SUBSTITUTE GOODS OR
  32:Src/stm32f4xx_hal_msp.c ****   * SERVICES; LOSS OF USE, DATA, OR PROFITS; OR BUSINESS INTERRUPTION) HOWEVER
  33:Src/stm32f4xx_hal_msp.c ****   * CAUSED AND ON ANY THEORY OF LIABILITY, WHETHER IN CONTRACT, STRICT LIABILITY,
  34:Src/stm32f4xx_hal_msp.c ****   * OR TORT (INCLUDING NEGLIGENCE OR OTHERWISE) ARISING IN ANY WAY OUT OF THE USE
  35:Src/stm32f4xx_hal_msp.c ****   * OF THIS SOFTWARE, EVEN IF ADVISED OF THE POSSIBILITY OF SUCH DAMAGE.
  36:Src/stm32f4xx_hal_msp.c ****   *
  37:Src/stm32f4xx_hal_msp.c ****   ******************************************************************************
  38:Src/stm32f4xx_hal_msp.c ****   */
  39:Src/stm32f4xx_hal_msp.c **** /* Includes ------------------------------------------------------------------*/
  40:Src/stm32f4xx_hal_msp.c **** #include "stm32f4xx_hal.h"
  41:Src/stm32f4xx_hal_msp.c **** 
  42:Src/stm32f4xx_hal_msp.c **** extern void _Error_Handler(char *, int);
  43:Src/stm32f4xx_hal_msp.c **** /* USER CODE BEGIN 0 */
  44:Src/stm32f4xx_hal_msp.c **** 
  45:Src/stm32f4xx_hal_msp.c **** /* USER CODE END 0 */
  46:Src/stm32f4xx_hal_msp.c **** /**
  47:Src/stm32f4xx_hal_msp.c ****   * Initializes the Global MSP.
  48:Src/stm32f4xx_hal_msp.c ****   */
  49:Src/stm32f4xx_hal_msp.c **** void HAL_MspInit(void)
  50:Src/stm32f4xx_hal_msp.c **** {
  30              		.loc 1 50 0
  31              		.cfi_startproc
  32              		@ args = 0, pretend = 0, frame = 0
  33              		@ frame_needed = 0, uses_anonymous_args = 0
  34 0000 08B5     		push	{r3, lr}
  35              	.LCFI0:
  36              		.cfi_def_cfa_offset 8
  37              		.cfi_offset 3, -8
  38              		.cfi_offset 14, -4
  51:Src/stm32f4xx_hal_msp.c ****   /* USER CODE BEGIN MspInit 0 */
  52:Src/stm32f4xx_hal_msp.c **** 
  53:Src/stm32f4xx_hal_msp.c ****   /* USER CODE END MspInit 0 */
  54:Src/stm32f4xx_hal_msp.c **** 
  55:Src/stm32f4xx_hal_msp.c ****   HAL_NVIC_SetPriorityGrouping(NVIC_PRIORITYGROUP_0);
  39              		.loc 1 55 0
  40 0002 0720     		movs	r0, #7
  41 0004 FFF7FEFF 		bl	HAL_NVIC_SetPriorityGrouping
  42              	.LVL0:
  56:Src/stm32f4xx_hal_msp.c **** 
  57:Src/stm32f4xx_hal_msp.c ****   /* System interrupt init*/
  58:Src/stm32f4xx_hal_msp.c ****   /* MemoryManagement_IRQn interrupt configuration */
  59:Src/stm32f4xx_hal_msp.c ****   HAL_NVIC_SetPriority(MemoryManagement_IRQn, 0, 0);
  43              		.loc 1 59 0
  44 0008 0022     		movs	r2, #0
  45 000a 1146     		mov	r1, r2
  46 000c 6FF00B00 		mvn	r0, #11
  47 0010 FFF7FEFF 		bl	HAL_NVIC_SetPriority
  48              	.LVL1:
  60:Src/stm32f4xx_hal_msp.c ****   /* BusFault_IRQn interrupt configuration */
  61:Src/stm32f4xx_hal_msp.c ****   HAL_NVIC_SetPriority(BusFault_IRQn, 0, 0);
  49              		.loc 1 61 0
  50 0014 0022     		movs	r2, #0
  51 0016 1146     		mov	r1, r2
  52 0018 6FF00A00 		mvn	r0, #10
  53 001c FFF7FEFF 		bl	HAL_NVIC_SetPriority
  54              	.LVL2:
ARM GAS  /tmp/ccT96zsI.s 			page 3


  62:Src/stm32f4xx_hal_msp.c ****   /* UsageFault_IRQn interrupt configuration */
  63:Src/stm32f4xx_hal_msp.c ****   HAL_NVIC_SetPriority(UsageFault_IRQn, 0, 0);
  55              		.loc 1 63 0
  56 0020 0022     		movs	r2, #0
  57 0022 1146     		mov	r1, r2
  58 0024 6FF00900 		mvn	r0, #9
  59 0028 FFF7FEFF 		bl	HAL_NVIC_SetPriority
  60              	.LVL3:
  64:Src/stm32f4xx_hal_msp.c ****   /* SVCall_IRQn interrupt configuration */
  65:Src/stm32f4xx_hal_msp.c ****   HAL_NVIC_SetPriority(SVCall_IRQn, 0, 0);
  61              		.loc 1 65 0
  62 002c 0022     		movs	r2, #0
  63 002e 1146     		mov	r1, r2
  64 0030 6FF00400 		mvn	r0, #4
  65 0034 FFF7FEFF 		bl	HAL_NVIC_SetPriority
  66              	.LVL4:
  66:Src/stm32f4xx_hal_msp.c ****   /* DebugMonitor_IRQn interrupt configuration */
  67:Src/stm32f4xx_hal_msp.c ****   HAL_NVIC_SetPriority(DebugMonitor_IRQn, 0, 0);
  67              		.loc 1 67 0
  68 0038 0022     		movs	r2, #0
  69 003a 1146     		mov	r1, r2
  70 003c 6FF00300 		mvn	r0, #3
  71 0040 FFF7FEFF 		bl	HAL_NVIC_SetPriority
  72              	.LVL5:
  68:Src/stm32f4xx_hal_msp.c ****   /* PendSV_IRQn interrupt configuration */
  69:Src/stm32f4xx_hal_msp.c ****   HAL_NVIC_SetPriority(PendSV_IRQn, 0, 0);
  73              		.loc 1 69 0
  74 0044 0022     		movs	r2, #0
  75 0046 1146     		mov	r1, r2
  76 0048 6FF00100 		mvn	r0, #1
  77 004c FFF7FEFF 		bl	HAL_NVIC_SetPriority
  78              	.LVL6:
  70:Src/stm32f4xx_hal_msp.c ****   /* SysTick_IRQn interrupt configuration */
  71:Src/stm32f4xx_hal_msp.c ****   HAL_NVIC_SetPriority(SysTick_IRQn, 0, 0);
  79              		.loc 1 71 0
  80 0050 0022     		movs	r2, #0
  81 0052 1146     		mov	r1, r2
  82 0054 4FF0FF30 		mov	r0, #-1
  83 0058 FFF7FEFF 		bl	HAL_NVIC_SetPriority
  84              	.LVL7:
  85 005c 08BD     		pop	{r3, pc}
  86              		.cfi_endproc
  87              	.LFE124:
  89 005e 00BF     		.section	.text.HAL_I2C_MspInit,"ax",%progbits
  90              		.align	2
  91              		.global	HAL_I2C_MspInit
  92              		.thumb
  93              		.thumb_func
  95              	HAL_I2C_MspInit:
  96              	.LFB125:
  72:Src/stm32f4xx_hal_msp.c **** 
  73:Src/stm32f4xx_hal_msp.c ****   /* USER CODE BEGIN MspInit 1 */
  74:Src/stm32f4xx_hal_msp.c **** 
  75:Src/stm32f4xx_hal_msp.c ****   /* USER CODE END MspInit 1 */
  76:Src/stm32f4xx_hal_msp.c **** }
  77:Src/stm32f4xx_hal_msp.c **** 
  78:Src/stm32f4xx_hal_msp.c **** void HAL_I2C_MspInit(I2C_HandleTypeDef* hi2c)
ARM GAS  /tmp/ccT96zsI.s 			page 4


  79:Src/stm32f4xx_hal_msp.c **** {
  97              		.loc 1 79 0
  98              		.cfi_startproc
  99              		@ args = 0, pretend = 0, frame = 24
 100              		@ frame_needed = 0, uses_anonymous_args = 0
 101              	.LVL8:
  80:Src/stm32f4xx_hal_msp.c **** 
  81:Src/stm32f4xx_hal_msp.c ****   GPIO_InitTypeDef GPIO_InitStruct;
  82:Src/stm32f4xx_hal_msp.c ****   if(hi2c->Instance==I2C1)
 102              		.loc 1 82 0
 103 0000 0268     		ldr	r2, [r0]
 104 0002 124B     		ldr	r3, .L7
 105 0004 9A42     		cmp	r2, r3
 106 0006 20D1     		bne	.L6
  79:Src/stm32f4xx_hal_msp.c **** 
 107              		.loc 1 79 0
 108 0008 00B5     		push	{lr}
 109              	.LCFI1:
 110              		.cfi_def_cfa_offset 4
 111              		.cfi_offset 14, -4
 112 000a 87B0     		sub	sp, sp, #28
 113              	.LCFI2:
 114              		.cfi_def_cfa_offset 32
  83:Src/stm32f4xx_hal_msp.c ****   {
  84:Src/stm32f4xx_hal_msp.c ****   /* USER CODE BEGIN I2C1_MspInit 0 */
  85:Src/stm32f4xx_hal_msp.c **** 
  86:Src/stm32f4xx_hal_msp.c ****   /* USER CODE END I2C1_MspInit 0 */
  87:Src/stm32f4xx_hal_msp.c ****   
  88:Src/stm32f4xx_hal_msp.c ****     /**I2C1 GPIO Configuration    
  89:Src/stm32f4xx_hal_msp.c ****     PB8     ------> I2C1_SCL
  90:Src/stm32f4xx_hal_msp.c ****     PB9     ------> I2C1_SDA 
  91:Src/stm32f4xx_hal_msp.c ****     */
  92:Src/stm32f4xx_hal_msp.c ****     GPIO_InitStruct.Pin = GPIO_PIN_8|GPIO_PIN_9;
 115              		.loc 1 92 0
 116 000c 4FF44073 		mov	r3, #768
 117 0010 0193     		str	r3, [sp, #4]
  93:Src/stm32f4xx_hal_msp.c ****     GPIO_InitStruct.Mode = GPIO_MODE_AF_OD;
 118              		.loc 1 93 0
 119 0012 1223     		movs	r3, #18
 120 0014 0293     		str	r3, [sp, #8]
  94:Src/stm32f4xx_hal_msp.c ****     GPIO_InitStruct.Pull = GPIO_PULLUP;
 121              		.loc 1 94 0
 122 0016 0123     		movs	r3, #1
 123 0018 0393     		str	r3, [sp, #12]
  95:Src/stm32f4xx_hal_msp.c ****     GPIO_InitStruct.Speed = GPIO_SPEED_FREQ_VERY_HIGH;
 124              		.loc 1 95 0
 125 001a 0323     		movs	r3, #3
 126 001c 0493     		str	r3, [sp, #16]
  96:Src/stm32f4xx_hal_msp.c ****     GPIO_InitStruct.Alternate = GPIO_AF4_I2C1;
 127              		.loc 1 96 0
 128 001e 0423     		movs	r3, #4
 129 0020 0593     		str	r3, [sp, #20]
  97:Src/stm32f4xx_hal_msp.c ****     HAL_GPIO_Init(GPIOB, &GPIO_InitStruct);
 130              		.loc 1 97 0
 131 0022 0DEB0301 		add	r1, sp, r3
 132 0026 0A48     		ldr	r0, .L7+4
 133              	.LVL9:
ARM GAS  /tmp/ccT96zsI.s 			page 5


 134 0028 FFF7FEFF 		bl	HAL_GPIO_Init
 135              	.LVL10:
 136              	.LBB2:
  98:Src/stm32f4xx_hal_msp.c **** 
  99:Src/stm32f4xx_hal_msp.c ****     /* Peripheral clock enable */
 100:Src/stm32f4xx_hal_msp.c ****     __HAL_RCC_I2C1_CLK_ENABLE();
 137              		.loc 1 100 0
 138 002c 0023     		movs	r3, #0
 139 002e 0093     		str	r3, [sp]
 140 0030 084B     		ldr	r3, .L7+8
 141 0032 1A6C     		ldr	r2, [r3, #64]
 142 0034 42F40012 		orr	r2, r2, #2097152
 143 0038 1A64     		str	r2, [r3, #64]
 144 003a 1B6C     		ldr	r3, [r3, #64]
 145 003c 03F40013 		and	r3, r3, #2097152
 146 0040 0093     		str	r3, [sp]
 147 0042 009B     		ldr	r3, [sp]
 148              	.LBE2:
 101:Src/stm32f4xx_hal_msp.c ****   /* USER CODE BEGIN I2C1_MspInit 1 */
 102:Src/stm32f4xx_hal_msp.c **** 
 103:Src/stm32f4xx_hal_msp.c ****   /* USER CODE END I2C1_MspInit 1 */
 104:Src/stm32f4xx_hal_msp.c ****   }
 105:Src/stm32f4xx_hal_msp.c **** 
 106:Src/stm32f4xx_hal_msp.c **** }
 149              		.loc 1 106 0
 150 0044 07B0     		add	sp, sp, #28
 151              	.LCFI3:
 152              		.cfi_def_cfa_offset 4
 153              		@ sp needed
 154 0046 5DF804FB 		ldr	pc, [sp], #4
 155              	.LVL11:
 156              	.L6:
 157              	.LCFI4:
 158              		.cfi_def_cfa_offset 0
 159              		.cfi_restore 14
 160 004a 7047     		bx	lr
 161              	.L8:
 162              		.align	2
 163              	.L7:
 164 004c 00540040 		.word	1073763328
 165 0050 00040240 		.word	1073873920
 166 0054 00380240 		.word	1073887232
 167              		.cfi_endproc
 168              	.LFE125:
 170              		.section	.text.HAL_I2C_MspDeInit,"ax",%progbits
 171              		.align	2
 172              		.global	HAL_I2C_MspDeInit
 173              		.thumb
 174              		.thumb_func
 176              	HAL_I2C_MspDeInit:
 177              	.LFB126:
 107:Src/stm32f4xx_hal_msp.c **** 
 108:Src/stm32f4xx_hal_msp.c **** void HAL_I2C_MspDeInit(I2C_HandleTypeDef* hi2c)
 109:Src/stm32f4xx_hal_msp.c **** {
 178              		.loc 1 109 0
 179              		.cfi_startproc
 180              		@ args = 0, pretend = 0, frame = 0
ARM GAS  /tmp/ccT96zsI.s 			page 6


 181              		@ frame_needed = 0, uses_anonymous_args = 0
 182              	.LVL12:
 183 0000 08B5     		push	{r3, lr}
 184              	.LCFI5:
 185              		.cfi_def_cfa_offset 8
 186              		.cfi_offset 3, -8
 187              		.cfi_offset 14, -4
 110:Src/stm32f4xx_hal_msp.c **** 
 111:Src/stm32f4xx_hal_msp.c ****   if(hi2c->Instance==I2C1)
 188              		.loc 1 111 0
 189 0002 0268     		ldr	r2, [r0]
 190 0004 064B     		ldr	r3, .L12
 191 0006 9A42     		cmp	r2, r3
 192 0008 09D1     		bne	.L9
 112:Src/stm32f4xx_hal_msp.c ****   {
 113:Src/stm32f4xx_hal_msp.c ****   /* USER CODE BEGIN I2C1_MspDeInit 0 */
 114:Src/stm32f4xx_hal_msp.c **** 
 115:Src/stm32f4xx_hal_msp.c ****   /* USER CODE END I2C1_MspDeInit 0 */
 116:Src/stm32f4xx_hal_msp.c ****     /* Peripheral clock disable */
 117:Src/stm32f4xx_hal_msp.c ****     __HAL_RCC_I2C1_CLK_DISABLE();
 193              		.loc 1 117 0
 194 000a 064A     		ldr	r2, .L12+4
 195 000c 136C     		ldr	r3, [r2, #64]
 196 000e 23F40013 		bic	r3, r3, #2097152
 197 0012 1364     		str	r3, [r2, #64]
 118:Src/stm32f4xx_hal_msp.c ****   
 119:Src/stm32f4xx_hal_msp.c ****     /**I2C1 GPIO Configuration    
 120:Src/stm32f4xx_hal_msp.c ****     PB8     ------> I2C1_SCL
 121:Src/stm32f4xx_hal_msp.c ****     PB9     ------> I2C1_SDA 
 122:Src/stm32f4xx_hal_msp.c ****     */
 123:Src/stm32f4xx_hal_msp.c ****     HAL_GPIO_DeInit(GPIOB, GPIO_PIN_8|GPIO_PIN_9);
 198              		.loc 1 123 0
 199 0014 4FF44071 		mov	r1, #768
 200 0018 0348     		ldr	r0, .L12+8
 201              	.LVL13:
 202 001a FFF7FEFF 		bl	HAL_GPIO_DeInit
 203              	.LVL14:
 204              	.L9:
 205 001e 08BD     		pop	{r3, pc}
 206              	.L13:
 207              		.align	2
 208              	.L12:
 209 0020 00540040 		.word	1073763328
 210 0024 00380240 		.word	1073887232
 211 0028 00040240 		.word	1073873920
 212              		.cfi_endproc
 213              	.LFE126:
 215              		.section	.text.HAL_UART_MspInit,"ax",%progbits
 216              		.align	2
 217              		.global	HAL_UART_MspInit
 218              		.thumb
 219              		.thumb_func
 221              	HAL_UART_MspInit:
 222              	.LFB127:
 124:Src/stm32f4xx_hal_msp.c **** 
 125:Src/stm32f4xx_hal_msp.c ****   /* USER CODE BEGIN I2C1_MspDeInit 1 */
 126:Src/stm32f4xx_hal_msp.c **** 
ARM GAS  /tmp/ccT96zsI.s 			page 7


 127:Src/stm32f4xx_hal_msp.c ****   /* USER CODE END I2C1_MspDeInit 1 */
 128:Src/stm32f4xx_hal_msp.c ****   }
 129:Src/stm32f4xx_hal_msp.c **** 
 130:Src/stm32f4xx_hal_msp.c **** }
 131:Src/stm32f4xx_hal_msp.c **** 
 132:Src/stm32f4xx_hal_msp.c **** void HAL_UART_MspInit(UART_HandleTypeDef* huart)
 133:Src/stm32f4xx_hal_msp.c **** {
 223              		.loc 1 133 0
 224              		.cfi_startproc
 225              		@ args = 0, pretend = 0, frame = 32
 226              		@ frame_needed = 0, uses_anonymous_args = 0
 227              	.LVL15:
 228 0000 00B5     		push	{lr}
 229              	.LCFI6:
 230              		.cfi_def_cfa_offset 4
 231              		.cfi_offset 14, -4
 232 0002 89B0     		sub	sp, sp, #36
 233              	.LCFI7:
 234              		.cfi_def_cfa_offset 40
 134:Src/stm32f4xx_hal_msp.c **** 
 135:Src/stm32f4xx_hal_msp.c ****   GPIO_InitTypeDef GPIO_InitStruct;
 136:Src/stm32f4xx_hal_msp.c ****   if(huart->Instance==USART1)
 235              		.loc 1 136 0
 236 0004 0368     		ldr	r3, [r0]
 237 0006 2E4A     		ldr	r2, .L19
 238 0008 9342     		cmp	r3, r2
 239 000a 1BD1     		bne	.L15
 240              	.LBB3:
 137:Src/stm32f4xx_hal_msp.c ****   {
 138:Src/stm32f4xx_hal_msp.c ****   /* USER CODE BEGIN USART1_MspInit 0 */
 139:Src/stm32f4xx_hal_msp.c **** 
 140:Src/stm32f4xx_hal_msp.c ****   /* USER CODE END USART1_MspInit 0 */
 141:Src/stm32f4xx_hal_msp.c ****     /* Peripheral clock enable */
 142:Src/stm32f4xx_hal_msp.c ****     __HAL_RCC_USART1_CLK_ENABLE();
 241              		.loc 1 142 0
 242 000c 0023     		movs	r3, #0
 243 000e 0093     		str	r3, [sp]
 244 0010 2C4B     		ldr	r3, .L19+4
 245 0012 5A6C     		ldr	r2, [r3, #68]
 246 0014 42F01002 		orr	r2, r2, #16
 247 0018 5A64     		str	r2, [r3, #68]
 248 001a 5B6C     		ldr	r3, [r3, #68]
 249 001c 03F01003 		and	r3, r3, #16
 250 0020 0093     		str	r3, [sp]
 251 0022 009B     		ldr	r3, [sp]
 252              	.LBE3:
 143:Src/stm32f4xx_hal_msp.c ****   
 144:Src/stm32f4xx_hal_msp.c ****     /**USART1 GPIO Configuration    
 145:Src/stm32f4xx_hal_msp.c ****     PA9     ------> USART1_TX
 146:Src/stm32f4xx_hal_msp.c ****     PA10     ------> USART1_RX 
 147:Src/stm32f4xx_hal_msp.c ****     */
 148:Src/stm32f4xx_hal_msp.c ****     GPIO_InitStruct.Pin = GPIO_PIN_9|GPIO_PIN_10;
 253              		.loc 1 148 0
 254 0024 4FF4C063 		mov	r3, #1536
 255 0028 0393     		str	r3, [sp, #12]
 149:Src/stm32f4xx_hal_msp.c ****     GPIO_InitStruct.Mode = GPIO_MODE_AF_PP;
 256              		.loc 1 149 0
ARM GAS  /tmp/ccT96zsI.s 			page 8


 257 002a 0223     		movs	r3, #2
 258 002c 0493     		str	r3, [sp, #16]
 150:Src/stm32f4xx_hal_msp.c ****     GPIO_InitStruct.Pull = GPIO_PULLUP;
 259              		.loc 1 150 0
 260 002e 0123     		movs	r3, #1
 261 0030 0593     		str	r3, [sp, #20]
 151:Src/stm32f4xx_hal_msp.c ****     GPIO_InitStruct.Speed = GPIO_SPEED_FREQ_VERY_HIGH;
 262              		.loc 1 151 0
 263 0032 0323     		movs	r3, #3
 264 0034 0693     		str	r3, [sp, #24]
 152:Src/stm32f4xx_hal_msp.c ****     GPIO_InitStruct.Alternate = GPIO_AF7_USART1;
 265              		.loc 1 152 0
 266 0036 0723     		movs	r3, #7
 267 0038 0793     		str	r3, [sp, #28]
 153:Src/stm32f4xx_hal_msp.c ****     HAL_GPIO_Init(GPIOA, &GPIO_InitStruct);
 268              		.loc 1 153 0
 269 003a 03A9     		add	r1, sp, #12
 270 003c 2248     		ldr	r0, .L19+8
 271              	.LVL16:
 272 003e FFF7FEFF 		bl	HAL_GPIO_Init
 273              	.LVL17:
 274 0042 39E0     		b	.L14
 275              	.LVL18:
 276              	.L15:
 154:Src/stm32f4xx_hal_msp.c **** 
 155:Src/stm32f4xx_hal_msp.c ****   /* USER CODE BEGIN USART1_MspInit 1 */
 156:Src/stm32f4xx_hal_msp.c **** 
 157:Src/stm32f4xx_hal_msp.c ****   /* USER CODE END USART1_MspInit 1 */
 158:Src/stm32f4xx_hal_msp.c ****   }
 159:Src/stm32f4xx_hal_msp.c ****   else if(huart->Instance==USART2)
 277              		.loc 1 159 0
 278 0044 214A     		ldr	r2, .L19+12
 279 0046 9342     		cmp	r3, r2
 280 0048 19D1     		bne	.L17
 281              	.LBB4:
 160:Src/stm32f4xx_hal_msp.c ****   {
 161:Src/stm32f4xx_hal_msp.c ****   /* USER CODE BEGIN USART2_MspInit 0 */
 162:Src/stm32f4xx_hal_msp.c **** 
 163:Src/stm32f4xx_hal_msp.c ****   /* USER CODE END USART2_MspInit 0 */
 164:Src/stm32f4xx_hal_msp.c ****     /* Peripheral clock enable */
 165:Src/stm32f4xx_hal_msp.c ****     __HAL_RCC_USART2_CLK_ENABLE();
 282              		.loc 1 165 0
 283 004a 0023     		movs	r3, #0
 284 004c 0193     		str	r3, [sp, #4]
 285 004e 02F5FA32 		add	r2, r2, #128000
 286 0052 116C     		ldr	r1, [r2, #64]
 287 0054 41F40031 		orr	r1, r1, #131072
 288 0058 1164     		str	r1, [r2, #64]
 289 005a 126C     		ldr	r2, [r2, #64]
 290 005c 02F40032 		and	r2, r2, #131072
 291 0060 0192     		str	r2, [sp, #4]
 292 0062 019A     		ldr	r2, [sp, #4]
 293              	.LBE4:
 166:Src/stm32f4xx_hal_msp.c ****   
 167:Src/stm32f4xx_hal_msp.c ****     /**USART2 GPIO Configuration    
 168:Src/stm32f4xx_hal_msp.c ****     PA2     ------> USART2_TX
 169:Src/stm32f4xx_hal_msp.c ****     PA3     ------> USART2_RX 
ARM GAS  /tmp/ccT96zsI.s 			page 9


 170:Src/stm32f4xx_hal_msp.c ****     */
 171:Src/stm32f4xx_hal_msp.c ****     GPIO_InitStruct.Pin = USART_TX_Pin|USART_RX_Pin;
 294              		.loc 1 171 0
 295 0064 0C22     		movs	r2, #12
 296 0066 0392     		str	r2, [sp, #12]
 172:Src/stm32f4xx_hal_msp.c ****     GPIO_InitStruct.Mode = GPIO_MODE_AF_PP;
 297              		.loc 1 172 0
 298 0068 0222     		movs	r2, #2
 299 006a 0492     		str	r2, [sp, #16]
 173:Src/stm32f4xx_hal_msp.c ****     GPIO_InitStruct.Pull = GPIO_NOPULL;
 300              		.loc 1 173 0
 301 006c 0593     		str	r3, [sp, #20]
 174:Src/stm32f4xx_hal_msp.c ****     GPIO_InitStruct.Speed = GPIO_SPEED_FREQ_LOW;
 302              		.loc 1 174 0
 303 006e 0693     		str	r3, [sp, #24]
 175:Src/stm32f4xx_hal_msp.c ****     GPIO_InitStruct.Alternate = GPIO_AF7_USART2;
 304              		.loc 1 175 0
 305 0070 0723     		movs	r3, #7
 306 0072 0793     		str	r3, [sp, #28]
 176:Src/stm32f4xx_hal_msp.c ****     HAL_GPIO_Init(GPIOA, &GPIO_InitStruct);
 307              		.loc 1 176 0
 308 0074 03A9     		add	r1, sp, #12
 309 0076 1448     		ldr	r0, .L19+8
 310              	.LVL19:
 311 0078 FFF7FEFF 		bl	HAL_GPIO_Init
 312              	.LVL20:
 313 007c 1CE0     		b	.L14
 314              	.LVL21:
 315              	.L17:
 177:Src/stm32f4xx_hal_msp.c **** 
 178:Src/stm32f4xx_hal_msp.c ****   /* USER CODE BEGIN USART2_MspInit 1 */
 179:Src/stm32f4xx_hal_msp.c **** 
 180:Src/stm32f4xx_hal_msp.c ****   /* USER CODE END USART2_MspInit 1 */
 181:Src/stm32f4xx_hal_msp.c ****   }
 182:Src/stm32f4xx_hal_msp.c ****   else if(huart->Instance==USART6)
 316              		.loc 1 182 0
 317 007e 144A     		ldr	r2, .L19+16
 318 0080 9342     		cmp	r3, r2
 319 0082 19D1     		bne	.L14
 320              	.LBB5:
 183:Src/stm32f4xx_hal_msp.c ****   {
 184:Src/stm32f4xx_hal_msp.c ****   /* USER CODE BEGIN USART6_MspInit 0 */
 185:Src/stm32f4xx_hal_msp.c **** 
 186:Src/stm32f4xx_hal_msp.c ****   /* USER CODE END USART6_MspInit 0 */
 187:Src/stm32f4xx_hal_msp.c ****     /* Peripheral clock enable */
 188:Src/stm32f4xx_hal_msp.c ****     __HAL_RCC_USART6_CLK_ENABLE();
 321              		.loc 1 188 0
 322 0084 0023     		movs	r3, #0
 323 0086 0293     		str	r3, [sp, #8]
 324 0088 0E4B     		ldr	r3, .L19+4
 325 008a 5A6C     		ldr	r2, [r3, #68]
 326 008c 42F02002 		orr	r2, r2, #32
 327 0090 5A64     		str	r2, [r3, #68]
 328 0092 5B6C     		ldr	r3, [r3, #68]
 329 0094 03F02003 		and	r3, r3, #32
 330 0098 0293     		str	r3, [sp, #8]
 331 009a 029B     		ldr	r3, [sp, #8]
ARM GAS  /tmp/ccT96zsI.s 			page 10


 332              	.LBE5:
 189:Src/stm32f4xx_hal_msp.c ****   
 190:Src/stm32f4xx_hal_msp.c ****     /**USART6 GPIO Configuration    
 191:Src/stm32f4xx_hal_msp.c ****     PC6     ------> USART6_TX
 192:Src/stm32f4xx_hal_msp.c ****     PC7     ------> USART6_RX 
 193:Src/stm32f4xx_hal_msp.c ****     */
 194:Src/stm32f4xx_hal_msp.c ****     GPIO_InitStruct.Pin = GPIO_PIN_6|GPIO_PIN_7;
 333              		.loc 1 194 0
 334 009c C023     		movs	r3, #192
 335 009e 0393     		str	r3, [sp, #12]
 195:Src/stm32f4xx_hal_msp.c ****     GPIO_InitStruct.Mode = GPIO_MODE_AF_PP;
 336              		.loc 1 195 0
 337 00a0 0223     		movs	r3, #2
 338 00a2 0493     		str	r3, [sp, #16]
 196:Src/stm32f4xx_hal_msp.c ****     GPIO_InitStruct.Pull = GPIO_PULLUP;
 339              		.loc 1 196 0
 340 00a4 0123     		movs	r3, #1
 341 00a6 0593     		str	r3, [sp, #20]
 197:Src/stm32f4xx_hal_msp.c ****     GPIO_InitStruct.Speed = GPIO_SPEED_FREQ_VERY_HIGH;
 342              		.loc 1 197 0
 343 00a8 0323     		movs	r3, #3
 344 00aa 0693     		str	r3, [sp, #24]
 198:Src/stm32f4xx_hal_msp.c ****     GPIO_InitStruct.Alternate = GPIO_AF8_USART6;
 345              		.loc 1 198 0
 346 00ac 0823     		movs	r3, #8
 347 00ae 0793     		str	r3, [sp, #28]
 199:Src/stm32f4xx_hal_msp.c ****     HAL_GPIO_Init(GPIOC, &GPIO_InitStruct);
 348              		.loc 1 199 0
 349 00b0 03A9     		add	r1, sp, #12
 350 00b2 0848     		ldr	r0, .L19+20
 351              	.LVL22:
 352 00b4 FFF7FEFF 		bl	HAL_GPIO_Init
 353              	.LVL23:
 354              	.L14:
 200:Src/stm32f4xx_hal_msp.c **** 
 201:Src/stm32f4xx_hal_msp.c ****   /* USER CODE BEGIN USART6_MspInit 1 */
 202:Src/stm32f4xx_hal_msp.c **** 
 203:Src/stm32f4xx_hal_msp.c ****   /* USER CODE END USART6_MspInit 1 */
 204:Src/stm32f4xx_hal_msp.c ****   }
 205:Src/stm32f4xx_hal_msp.c **** 
 206:Src/stm32f4xx_hal_msp.c **** }
 355              		.loc 1 206 0
 356 00b8 09B0     		add	sp, sp, #36
 357              	.LCFI8:
 358              		.cfi_def_cfa_offset 4
 359              		@ sp needed
 360 00ba 5DF804FB 		ldr	pc, [sp], #4
 361              	.L20:
 362 00be 00BF     		.align	2
 363              	.L19:
 364 00c0 00100140 		.word	1073811456
 365 00c4 00380240 		.word	1073887232
 366 00c8 00000240 		.word	1073872896
 367 00cc 00440040 		.word	1073759232
 368 00d0 00140140 		.word	1073812480
 369 00d4 00080240 		.word	1073874944
 370              		.cfi_endproc
ARM GAS  /tmp/ccT96zsI.s 			page 11


 371              	.LFE127:
 373              		.section	.text.HAL_UART_MspDeInit,"ax",%progbits
 374              		.align	2
 375              		.global	HAL_UART_MspDeInit
 376              		.thumb
 377              		.thumb_func
 379              	HAL_UART_MspDeInit:
 380              	.LFB128:
 207:Src/stm32f4xx_hal_msp.c **** 
 208:Src/stm32f4xx_hal_msp.c **** void HAL_UART_MspDeInit(UART_HandleTypeDef* huart)
 209:Src/stm32f4xx_hal_msp.c **** {
 381              		.loc 1 209 0
 382              		.cfi_startproc
 383              		@ args = 0, pretend = 0, frame = 0
 384              		@ frame_needed = 0, uses_anonymous_args = 0
 385              	.LVL24:
 386 0000 08B5     		push	{r3, lr}
 387              	.LCFI9:
 388              		.cfi_def_cfa_offset 8
 389              		.cfi_offset 3, -8
 390              		.cfi_offset 14, -4
 210:Src/stm32f4xx_hal_msp.c **** 
 211:Src/stm32f4xx_hal_msp.c ****   if(huart->Instance==USART1)
 391              		.loc 1 211 0
 392 0002 0368     		ldr	r3, [r0]
 393 0004 154A     		ldr	r2, .L26
 394 0006 9342     		cmp	r3, r2
 395 0008 0BD1     		bne	.L22
 212:Src/stm32f4xx_hal_msp.c ****   {
 213:Src/stm32f4xx_hal_msp.c ****   /* USER CODE BEGIN USART1_MspDeInit 0 */
 214:Src/stm32f4xx_hal_msp.c **** 
 215:Src/stm32f4xx_hal_msp.c ****   /* USER CODE END USART1_MspDeInit 0 */
 216:Src/stm32f4xx_hal_msp.c ****     /* Peripheral clock disable */
 217:Src/stm32f4xx_hal_msp.c ****     __HAL_RCC_USART1_CLK_DISABLE();
 396              		.loc 1 217 0
 397 000a 02F59432 		add	r2, r2, #75776
 398 000e 536C     		ldr	r3, [r2, #68]
 399 0010 23F01003 		bic	r3, r3, #16
 400 0014 5364     		str	r3, [r2, #68]
 218:Src/stm32f4xx_hal_msp.c ****   
 219:Src/stm32f4xx_hal_msp.c ****     /**USART1 GPIO Configuration    
 220:Src/stm32f4xx_hal_msp.c ****     PA9     ------> USART1_TX
 221:Src/stm32f4xx_hal_msp.c ****     PA10     ------> USART1_RX 
 222:Src/stm32f4xx_hal_msp.c ****     */
 223:Src/stm32f4xx_hal_msp.c ****     HAL_GPIO_DeInit(GPIOA, GPIO_PIN_9|GPIO_PIN_10);
 401              		.loc 1 223 0
 402 0016 4FF4C061 		mov	r1, #1536
 403 001a 1148     		ldr	r0, .L26+4
 404              	.LVL25:
 405 001c FFF7FEFF 		bl	HAL_GPIO_DeInit
 406              	.LVL26:
 407 0020 08BD     		pop	{r3, pc}
 408              	.LVL27:
 409              	.L22:
 224:Src/stm32f4xx_hal_msp.c **** 
 225:Src/stm32f4xx_hal_msp.c ****   /* USER CODE BEGIN USART1_MspDeInit 1 */
 226:Src/stm32f4xx_hal_msp.c **** 
ARM GAS  /tmp/ccT96zsI.s 			page 12


 227:Src/stm32f4xx_hal_msp.c ****   /* USER CODE END USART1_MspDeInit 1 */
 228:Src/stm32f4xx_hal_msp.c ****   }
 229:Src/stm32f4xx_hal_msp.c ****   else if(huart->Instance==USART2)
 410              		.loc 1 229 0
 411 0022 104A     		ldr	r2, .L26+8
 412 0024 9342     		cmp	r3, r2
 413 0026 0AD1     		bne	.L24
 230:Src/stm32f4xx_hal_msp.c ****   {
 231:Src/stm32f4xx_hal_msp.c ****   /* USER CODE BEGIN USART2_MspDeInit 0 */
 232:Src/stm32f4xx_hal_msp.c **** 
 233:Src/stm32f4xx_hal_msp.c ****   /* USER CODE END USART2_MspDeInit 0 */
 234:Src/stm32f4xx_hal_msp.c ****     /* Peripheral clock disable */
 235:Src/stm32f4xx_hal_msp.c ****     __HAL_RCC_USART2_CLK_DISABLE();
 414              		.loc 1 235 0
 415 0028 02F5FA32 		add	r2, r2, #128000
 416 002c 136C     		ldr	r3, [r2, #64]
 417 002e 23F40033 		bic	r3, r3, #131072
 418 0032 1364     		str	r3, [r2, #64]
 236:Src/stm32f4xx_hal_msp.c ****   
 237:Src/stm32f4xx_hal_msp.c ****     /**USART2 GPIO Configuration    
 238:Src/stm32f4xx_hal_msp.c ****     PA2     ------> USART2_TX
 239:Src/stm32f4xx_hal_msp.c ****     PA3     ------> USART2_RX 
 240:Src/stm32f4xx_hal_msp.c ****     */
 241:Src/stm32f4xx_hal_msp.c ****     HAL_GPIO_DeInit(GPIOA, USART_TX_Pin|USART_RX_Pin);
 419              		.loc 1 241 0
 420 0034 0C21     		movs	r1, #12
 421 0036 0A48     		ldr	r0, .L26+4
 422              	.LVL28:
 423 0038 FFF7FEFF 		bl	HAL_GPIO_DeInit
 424              	.LVL29:
 425 003c 08BD     		pop	{r3, pc}
 426              	.LVL30:
 427              	.L24:
 242:Src/stm32f4xx_hal_msp.c **** 
 243:Src/stm32f4xx_hal_msp.c ****   /* USER CODE BEGIN USART2_MspDeInit 1 */
 244:Src/stm32f4xx_hal_msp.c **** 
 245:Src/stm32f4xx_hal_msp.c ****   /* USER CODE END USART2_MspDeInit 1 */
 246:Src/stm32f4xx_hal_msp.c ****   }
 247:Src/stm32f4xx_hal_msp.c ****   else if(huart->Instance==USART6)
 428              		.loc 1 247 0
 429 003e 0A4A     		ldr	r2, .L26+12
 430 0040 9342     		cmp	r3, r2
 431 0042 09D1     		bne	.L21
 248:Src/stm32f4xx_hal_msp.c ****   {
 249:Src/stm32f4xx_hal_msp.c ****   /* USER CODE BEGIN USART6_MspDeInit 0 */
 250:Src/stm32f4xx_hal_msp.c **** 
 251:Src/stm32f4xx_hal_msp.c ****   /* USER CODE END USART6_MspDeInit 0 */
 252:Src/stm32f4xx_hal_msp.c ****     /* Peripheral clock disable */
 253:Src/stm32f4xx_hal_msp.c ****     __HAL_RCC_USART6_CLK_DISABLE();
 432              		.loc 1 253 0
 433 0044 02F59232 		add	r2, r2, #74752
 434 0048 536C     		ldr	r3, [r2, #68]
 435 004a 23F02003 		bic	r3, r3, #32
 436 004e 5364     		str	r3, [r2, #68]
 254:Src/stm32f4xx_hal_msp.c ****   
 255:Src/stm32f4xx_hal_msp.c ****     /**USART6 GPIO Configuration    
 256:Src/stm32f4xx_hal_msp.c ****     PC6     ------> USART6_TX
ARM GAS  /tmp/ccT96zsI.s 			page 13


 257:Src/stm32f4xx_hal_msp.c ****     PC7     ------> USART6_RX 
 258:Src/stm32f4xx_hal_msp.c ****     */
 259:Src/stm32f4xx_hal_msp.c ****     HAL_GPIO_DeInit(GPIOC, GPIO_PIN_6|GPIO_PIN_7);
 437              		.loc 1 259 0
 438 0050 C021     		movs	r1, #192
 439 0052 0648     		ldr	r0, .L26+16
 440              	.LVL31:
 441 0054 FFF7FEFF 		bl	HAL_GPIO_DeInit
 442              	.LVL32:
 443              	.L21:
 444 0058 08BD     		pop	{r3, pc}
 445              	.L27:
 446 005a 00BF     		.align	2
 447              	.L26:
 448 005c 00100140 		.word	1073811456
 449 0060 00000240 		.word	1073872896
 450 0064 00440040 		.word	1073759232
 451 0068 00140140 		.word	1073812480
 452 006c 00080240 		.word	1073874944
 453              		.cfi_endproc
 454              	.LFE128:
 456              		.text
 457              	.Letext0:
 458              		.file 2 "/home/ryouya/STM32Toolchain/gcc-arm-none-eabi-5_4-2016q3.2/arm-none-eabi/include/machine/
 459              		.file 3 "/home/ryouya/STM32Toolchain/gcc-arm-none-eabi-5_4-2016q3.2/arm-none-eabi/include/sys/_std
 460              		.file 4 "Drivers/CMSIS/Device/ST/STM32F4xx/Include/stm32f401xe.h"
 461              		.file 5 "Drivers/STM32F4xx_HAL_Driver/Inc/stm32f4xx_hal_def.h"
 462              		.file 6 "Drivers/STM32F4xx_HAL_Driver/Inc/stm32f4xx_hal_gpio.h"
 463              		.file 7 "Drivers/STM32F4xx_HAL_Driver/Inc/stm32f4xx_hal_dma.h"
 464              		.file 8 "Drivers/STM32F4xx_HAL_Driver/Inc/stm32f4xx_hal_i2c.h"
 465              		.file 9 "Drivers/STM32F4xx_HAL_Driver/Inc/stm32f4xx_hal_uart.h"
 466              		.file 10 "Drivers/STM32F4xx_HAL_Driver/Inc/stm32f4xx_hal_cortex.h"
 467              		.file 11 "Drivers/CMSIS/Include/core_cm4.h"
ARM GAS  /tmp/ccT96zsI.s 			page 14


DEFINED SYMBOLS
                            *ABS*:00000000 stm32f4xx_hal_msp.c
     /tmp/ccT96zsI.s:22     .text.HAL_MspInit:00000000 $t
     /tmp/ccT96zsI.s:27     .text.HAL_MspInit:00000000 HAL_MspInit
     /tmp/ccT96zsI.s:90     .text.HAL_I2C_MspInit:00000000 $t
     /tmp/ccT96zsI.s:95     .text.HAL_I2C_MspInit:00000000 HAL_I2C_MspInit
     /tmp/ccT96zsI.s:164    .text.HAL_I2C_MspInit:0000004c $d
     /tmp/ccT96zsI.s:171    .text.HAL_I2C_MspDeInit:00000000 $t
     /tmp/ccT96zsI.s:176    .text.HAL_I2C_MspDeInit:00000000 HAL_I2C_MspDeInit
     /tmp/ccT96zsI.s:209    .text.HAL_I2C_MspDeInit:00000020 $d
     /tmp/ccT96zsI.s:216    .text.HAL_UART_MspInit:00000000 $t
     /tmp/ccT96zsI.s:221    .text.HAL_UART_MspInit:00000000 HAL_UART_MspInit
     /tmp/ccT96zsI.s:364    .text.HAL_UART_MspInit:000000c0 $d
     /tmp/ccT96zsI.s:374    .text.HAL_UART_MspDeInit:00000000 $t
     /tmp/ccT96zsI.s:379    .text.HAL_UART_MspDeInit:00000000 HAL_UART_MspDeInit
     /tmp/ccT96zsI.s:448    .text.HAL_UART_MspDeInit:0000005c $d
                     .debug_frame:00000010 $d

UNDEFINED SYMBOLS
HAL_NVIC_SetPriorityGrouping
HAL_NVIC_SetPriority
HAL_GPIO_Init
HAL_GPIO_DeInit
